<?xml version="1.0" encoding="UTF-8"?>
<!-- Generated by org.testng.reporters.JUnitReportReporter -->
<testsuite hostname="Minels-Laptop.lan" failures="0" tests="2" name="com.neotech.lesson02.Homework1" time="87.114" errors="0" timestamp="2024-09-02T20:58:06 EDT" skipped="0">
  <testcase classname="com.neotech.lesson02.Homework1" name="loginValidation" time="36.581"/>
  <system-out/>
  <testcase classname="com.neotech.lesson02.Homework1" name="negativeLoginTest" time="50.533"/>
  <system-out/>
</testsuite> <!-- com.neotech.lesson02.Homework1 -->
