<?xml version="1.0" encoding="UTF-8"?>
<!-- Generated by org.testng.reporters.JUnitReportReporter -->
<testsuite hostname="Minels-Laptop.lan" failures="0" tests="3" name="com.neotech.lesson01.TestNGAnnotations" time="0.016" errors="0" timestamp="2024-09-01T22:23:16 EDT" skipped="0">
  <testcase classname="com.neotech.lesson01.TestNGAnnotations" name="test1" time="0.008"/>
  <system-out/>
  <testcase classname="com.neotech.lesson01.TestNGAnnotations" name="test2" time="0.007"/>
  <system-out/>
  <testcase classname="com.neotech.lesson01.TestNGAnnotations" name="test3" time="0.001"/>
  <system-out/>
</testsuite> <!-- com.neotech.lesson01.TestNGAnnotations -->
