<?xml version="1.0" encoding="UTF-8"?>
<!-- Generated by org.testng.reporters.JUnitReportReporter -->
<testsuite hostname="Minels-Laptop.lan" failures="0" tests="2" name="com.neotech.lesson01.TestNGMoreAnnotations" time="0.014" errors="0" timestamp="2024-09-01T22:40:29 EDT" skipped="0">
  <testcase classname="com.neotech.lesson01.TestNGMoreAnnotations" name="testOne" time="0.011"/>
  <system-out/>
  <testcase classname="com.neotech.lesson01.TestNGMoreAnnotations" name="testTwo" time="0.003"/>
  <system-out/>
</testsuite> <!-- com.neotech.lesson01.TestNGMoreAnnotations -->
