<?xml version="1.0" encoding="UTF-8"?>
<!-- Generated by org.testng.reporters.JUnitReportReporter -->
<testsuite hostname="Minels-Laptop.lan" failures="0" tests="1" name="com.neotech.lesson01.TestNGDemo" time="0.002" errors="0" timestamp="2024-09-03T20:58:58 EDT" skipped="0">
  <testcase classname="com.neotech.lesson01.TestNGDemo" name="testOne" time="0.002"/>
  <system-out/>
</testsuite> <!-- com.neotech.lesson01.TestNGDemo -->
