<?xml version="1.0" encoding="UTF-8"?>
<!-- Generated by org.testng.reporters.JUnitReportReporter -->
<testsuite hostname="Minels-Laptop.lan" failures="0" tests="1" name="com.neotech.lesson04.Homework1" time="0.000" errors="0" timestamp="2024-09-05T22:32:31 EDT" skipped="1">
  <testcase classname="com.neotech.lesson04.Homework1" name="addEmployee" time="0.000">
    <skipped/>
  </testcase> <!-- addEmployee -->
  <system-out/>
</testsuite> <!-- com.neotech.lesson04.Homework1 -->
