<?xml version="1.0" encoding="UTF-8"?>
<!-- Generated by org.testng.reporters.JUnitReportReporter -->
<testsuite hostname="Minels-Laptop.lan" failures="0" tests="3" name="com.neotech.lesson03.GroupsDemo" time="0.012" errors="0" timestamp="2024-09-03T20:58:58 EDT" skipped="0">
  <testcase classname="com.neotech.lesson03.GroupsDemo" name="test1" time="0.009"/>
  <system-out/>
  <testcase classname="com.neotech.lesson03.GroupsDemo" name="test2" time="0.002"/>
  <system-out/>
  <testcase classname="com.neotech.lesson03.GroupsDemo" name="test4" time="0.001"/>
  <system-out/>
</testsuite> <!-- com.neotech.lesson03.GroupsDemo -->
